<?xml version="1.0" encoding="utf-8"?><testsuites name="pytest tests"><testsuite name="pytest" errors="0" failures="0" skipped="0" tests="15" time="1.392" timestamp="2026-05-29T17:07:12.640455+00:00" hostname="agent-env-26303568-3126-4d66-b50c-0d1654b9f31c"><testcase classname="backend.tests.backend_test" name="test_root" time="0.260" /><testcase classname="backend.tests.backend_test" name="test_services_seeded" time="0.054" /><testcase classname="backend.tests.backend_test" name="test_barbers_seeded" time="0.055" /><testcase classname="backend.tests.backend_test" name="test_create_appointment" time="0.078" /><testcase classname="backend.tests.backend_test" name="test_create_appointment_duplicate_returns_409" time="0.054" /><testcase classname="backend.tests.backend_test" name="test_create_appointment_bad_service" time="0.069" /><testcase classname="backend.tests.backend_test" name="test_create_appointment_bad_barber" time="0.054" /><testcase classname="backend.tests.backend_test" name="test_availability_includes_booked_slot" time="0.060" /><testcase classname="backend.tests.backend_test" name="test_admin_login_wrong_password" time="0.051" /><testcase classname="backend.tests.backend_test" name="test_admin_login_correct" time="0.064" /><testcase classname="backend.tests.backend_test" name="test_admin_endpoints_require_token" time="0.055" /><testcase classname="backend.tests.backend_test" name="test_admin_list_appointments" time="0.060" /><testcase classname="backend.tests.backend_test" name="test_admin_update_appointment_status" time="0.117" /><testcase classname="backend.tests.backend_test" name="test_admin_update_appointment_not_found" time="0.058" /><testcase classname="backend.tests.backend_test" name="test_admin_delete_appointment" time="0.128" /></testsuite></testsuites>